<?xml version="1.0" encoding="UTF-8"?>
<testng-results skipped="0" failed="0" ignored="0" total="1" passed="1">
  <reporter-output>
  </reporter-output>
  <suite name="Default suite" duration-ms="6584" started-at="2019-06-17T23:51:04Z" finished-at="2019-06-17T23:51:11Z">
    <groups>
    </groups>
    <test name="Default test" duration-ms="6584" started-at="2019-06-17T23:51:04Z" finished-at="2019-06-17T23:51:11Z">
      <class name="com.P1.TC10_Cancel_Add_Computer_Validation">
        <test-method status="PASS" signature="launchBrowser()[pri:0, instance:com.P1.TC10_Cancel_Add_Computer_Validation@548e7350]" name="launchBrowser" is-config="true" duration-ms="4295" started-at="2019-06-17T23:51:04Z" finished-at="2019-06-17T23:51:09Z">
          <reporter-output>
          </reporter-output>
        </test-method> <!-- launchBrowser -->
        <test-method status="PASS" signature="cancelAddComputer()[pri:0, instance:com.P1.TC10_Cancel_Add_Computer_Validation@548e7350]" name="cancelAddComputer" duration-ms="2083" started-at="2019-06-17T23:51:09Z" finished-at="2019-06-17T23:51:11Z">
          <reporter-output>
          </reporter-output>
        </test-method> <!-- cancelAddComputer -->
        <test-method status="PASS" signature="afterTest()[pri:0, instance:com.P1.TC10_Cancel_Add_Computer_Validation@548e7350]" name="afterTest" is-config="true" duration-ms="173" started-at="2019-06-17T23:51:11Z" finished-at="2019-06-17T23:51:11Z">
          <reporter-output>
          </reporter-output>
        </test-method> <!-- afterTest -->
      </class> <!-- com.P1.TC10_Cancel_Add_Computer_Validation -->
    </test> <!-- Default test -->
  </suite> <!-- Default suite -->
</testng-results>
