<?xml version="1.0" encoding="UTF-8"?>
<!-- Generated by org.testng.reporters.JUnitXMLReporter -->
<testsuite hostname="Deepjyoti-PC" ignored="0" name="Test1" tests="11" failures="0" timestamp="16 Jun 2019 21:36:21 GMT" time="60.558" errors="0">
  <testcase name="addComputer" time="1.112" classname="com.P1.TC01_Add_Computer_Test"/>
  <testcase name="readComputer" time="0.322" classname="com.P1.TC02_Read_Computer_Test"/>
  <testcase name="updateComputer" time="0.964" classname="com.P1.TC03_Update_Information_Test"/>
  <testcase name="searchComputer" time="0.452" classname="com.P1.TC04_Search_Existing_Computer_Test"/>
  <testcase name="deleteComputer" time="0.766" classname="com.P1.TC05_Delete_Computer_Test"/>
  <testcase name="searchNonExistComputer" time="0.531" classname="com.P1.TC06_Search_Non_Existing_Computer_Test"/>
  <testcase name="countValidation" time="0.103" classname="com.P1.TC07_Total_Header_Count_Validation_Test"/>
  <testcase name="verifyPreviousDisabled" time="0.032" classname="com.P1.TC08_Verify_Previous_Button_Disabled_LaunchPage_test"/>
  <testcase name="verifyPreviousEnabled" time="0.348" classname="com.P1.TC09_Verify_Previous_Button_Enabled_NextPage_test"/>
  <testcase name="cancelAddComputer" time="1.231" classname="com.P1.TC10_Cancel_Add_Computer_Validation"/>
  <testcase name="verifyNextButton" time="0.299" classname="com.P1.TC11_Verify_Next_Button_Behavior"/>
</testsuite> <!-- Test1 -->
